Warning message:
NAs introduced by coercion 
Warning message:
NAs introduced by coercion 
R version 4.1.1 (2021-08-10)
Platform: x86_64-pc-linux-gnu (64-bit)
Running under: Ubuntu 18.04.5 LTS

Matrix products: default
BLAS:   /usr/lib/x86_64-linux-gnu/blas/libblas.so.3.7.1
LAPACK: /usr/lib/x86_64-linux-gnu/lapack/liblapack.so.3.7.1

locale:
[1] C

attached base packages:
[1] stats     graphics  grDevices utils     datasets  methods   base     

other attached packages:
[1] sp_1.4-5       readxl_1.3.1   foreign_0.8-81

loaded via a namespace (and not attached):
 [1] Rcpp_1.0.7       lattice_0.20-44  fansi_0.5.0      crayon_1.4.1    
 [5] utf8_1.2.2       grid_4.1.1       cellranger_1.1.0 lifecycle_1.0.0 
 [9] magrittr_2.0.1   pillar_1.6.2     rlang_0.4.11     vctrs_0.3.8     
[13] ellipsis_0.3.2   rgdal_1.5-23     tools_4.1.1      compiler_4.1.1  
[17] pkgconfig_2.0.3  tibble_3.1.4    
